{"/Users/ignaciorojas/Documents/repos/apply_digital_api/products_api/src/app.controller.ts": {"path":"/Users/ignaciorojas/Documents/repos/apply_digital_api/products_api/src/app.controller.ts","statementMap":{"0":{"start":{"line":1,"column":0},"end":{"line":1,"column":49}},"1":{"start":{"line":2,"column":0},"end":{"line":2,"column":43}},"2":{"start":{"line":5,"column":7},"end":{"line":12,"column":null}},"3":{"start":{"line":6,"column":31},"end":{"line":6,"column":43}},"4":{"start":{"line":10,"column":4},"end":{"line":10,"column":38}},"5":{"start":{"line":5,"column":13},"end":{"line":5,"column":26}},"6":{"start":{"line":9,"column":2},"end":{"line":11,"column":null}},"7":{"start":{"line":5,"column":13},"end":{"line":12,"column":null}}},"fnMap":{"0":{"name":"(anonymous_2)","decl":{"start":{"line":6,"column":2},"end":{"line":6,"column":31}},"loc":{"start":{"line":6,"column":53},"end":{"line":6,"column":57}}},"1":{"name":"(anonymous_3)","decl":{"start":{"line":9,"column":2},"end":{"line":9,"column":10}},"loc":{"start":{"line":9,"column":10},"end":{"line":11,"column":3}}}},"branchMap":{},"s":{"0":1,"1":1,"2":1,"3":1,"4":1,"5":1,"6":1,"7":1},"f":{"0":1,"1":1},"b":{}}
,"/Users/ignaciorojas/Documents/repos/apply_digital_api/products_api/src/app.module.ts": {"path":"/Users/ignaciorojas/Documents/repos/apply_digital_api/products_api/src/app.module.ts","statementMap":{"0":{"start":{"line":1,"column":0},"end":{"line":1,"column":40}},"1":{"start":{"line":2,"column":0},"end":{"line":2,"column":46}},"2":{"start":{"line":3,"column":0},"end":{"line":3,"column":49}},"3":{"start":{"line":4,"column":0},"end":{"line":4,"column":43}},"4":{"start":{"line":5,"column":0},"end":{"line":5,"column":60}},"5":{"start":{"line":6,"column":0},"end":{"line":6,"column":50}},"6":{"start":{"line":7,"column":0},"end":{"line":7,"column":50}},"7":{"start":{"line":8,"column":0},"end":{"line":8,"column":57}},"8":{"start":{"line":9,"column":0},"end":{"line":9,"column":48}},"9":{"start":{"line":10,"column":0},"end":{"line":10,"column":51}},"10":{"start":{"line":27,"column":7},"end":{"line":27,"column":null}},"11":{"start":{"line":27,"column":13},"end":{"line":27,"column":22}},"12":{"start":{"line":27,"column":13},"end":{"line":27,"column":null}}},"fnMap":{},"branchMap":{},"s":{"0":0,"1":0,"2":0,"3":0,"4":0,"5":0,"6":0,"7":0,"8":0,"9":0,"10":0,"11":0,"12":0},"f":{},"b":{}}
,"/Users/ignaciorojas/Documents/repos/apply_digital_api/products_api/src/app.service.ts": {"path":"/Users/ignaciorojas/Documents/repos/apply_digital_api/products_api/src/app.service.ts","statementMap":{"0":{"start":{"line":1,"column":0},"end":{"line":1,"column":44}},"1":{"start":{"line":4,"column":7},"end":{"line":8,"column":null}},"2":{"start":{"line":6,"column":4},"end":{"line":6,"column":26}},"3":{"start":{"line":4,"column":13},"end":{"line":4,"column":23}},"4":{"start":{"line":4,"column":13},"end":{"line":8,"column":null}}},"fnMap":{"0":{"name":"(anonymous_1)","decl":{"start":{"line":5,"column":2},"end":{"line":5,"column":10}},"loc":{"start":{"line":5,"column":10},"end":{"line":7,"column":3}}}},"branchMap":{},"s":{"0":1,"1":1,"2":1,"3":1,"4":1},"f":{"0":1},"b":{}}
,"/Users/ignaciorojas/Documents/repos/apply_digital_api/products_api/src/main.ts": {"path":"/Users/ignaciorojas/Documents/repos/apply_digital_api/products_api/src/main.ts","statementMap":{"0":{"start":{"line":1,"column":0},"end":{"line":1,"column":43}},"1":{"start":{"line":2,"column":0},"end":{"line":2,"column":41}},"2":{"start":{"line":3,"column":0},"end":{"line":3,"column":47}},"3":{"start":{"line":4,"column":0},"end":{"line":4,"column":48}},"4":{"start":{"line":5,"column":0},"end":{"line":5,"column":65}},"5":{"start":{"line":8,"column":14},"end":{"line":8,"column":49}},"6":{"start":{"line":9,"column":24},"end":{"line":9,"column":46}},"7":{"start":{"line":11,"column":2},"end":{"line":11,"column":32}},"8":{"start":{"line":13,"column":2},"end":{"line":19,"column":4}},"9":{"start":{"line":21,"column":17},"end":{"line":27,"column":12}},"10":{"start":{"line":28,"column":19},"end":{"line":28,"column":60}},"11":{"start":{"line":29,"column":2},"end":{"line":29,"column":49}},"12":{"start":{"line":31,"column":15},"end":{"line":31,"column":56}},"13":{"start":{"line":32,"column":2},"end":{"line":32,"column":25}},"14":{"start":{"line":33,"column":2},"end":{"line":33,"column":63}},"15":{"start":{"line":35,"column":0},"end":{"line":35,"column":12}}},"fnMap":{"0":{"name":"bootstrap","decl":{"start":{"line":7,"column":15},"end":{"line":7,"column":24}},"loc":{"start":{"line":7,"column":24},"end":{"line":34,"column":1}}}},"branchMap":{"0":{"loc":{"start":{"line":31,"column":15},"end":{"line":31,"column":56}},"type":"binary-expr","locations":[{"start":{"line":31,"column":15},"end":{"line":31,"column":48}},{"start":{"line":31,"column":52},"end":{"line":31,"column":56}}]}},"s":{"0":0,"1":0,"2":0,"3":0,"4":0,"5":0,"6":0,"7":0,"8":0,"9":0,"10":0,"11":0,"12":0,"13":0,"14":0,"15":0},"f":{"0":0},"b":{"0":[0,0]}}
,"/Users/ignaciorojas/Documents/repos/apply_digital_api/products_api/src/auth/auth.controller.ts": {"path":"/Users/ignaciorojas/Documents/repos/apply_digital_api/products_api/src/auth/auth.controller.ts","statementMap":{"0":{"start":{"line":1,"column":0},"end":{"line":1,"column":56}},"1":{"start":{"line":2,"column":0},"end":{"line":2,"column":45}},"2":{"start":{"line":3,"column":0},"end":{"line":3,"column":43}},"3":{"start":{"line":4,"column":0},"end":{"line":4,"column":78}},"4":{"start":{"line":8,"column":7},"end":{"line":21,"column":null}},"5":{"start":{"line":9,"column":31},"end":{"line":9,"column":44}},"6":{"start":{"line":19,"column":4},"end":{"line":19,"column":44}},"7":{"start":{"line":8,"column":13},"end":{"line":8,"column":27}},"8":{"start":{"line":18,"column":2},"end":{"line":20,"column":null}},"9":{"start":{"line":8,"column":13},"end":{"line":21,"column":null}}},"fnMap":{"0":{"name":"(anonymous_4)","decl":{"start":{"line":9,"column":2},"end":{"line":9,"column":31}},"loc":{"start":{"line":9,"column":55},"end":{"line":9,"column":59}}},"1":{"name":"(anonymous_5)","decl":{"start":{"line":18,"column":2},"end":{"line":18,"column":7}},"loc":{"start":{"line":18,"column":34},"end":{"line":20,"column":3}}}},"branchMap":{},"s":{"0":0,"1":0,"2":0,"3":0,"4":0,"5":0,"6":0,"7":0,"8":0,"9":0},"f":{"0":0,"1":0},"b":{}}
,"/Users/ignaciorojas/Documents/repos/apply_digital_api/products_api/src/auth/auth.module.ts": {"path":"/Users/ignaciorojas/Documents/repos/apply_digital_api/products_api/src/auth/auth.module.ts","statementMap":{"0":{"start":{"line":1,"column":0},"end":{"line":1,"column":40}},"1":{"start":{"line":2,"column":0},"end":{"line":2,"column":51}},"2":{"start":{"line":3,"column":0},"end":{"line":3,"column":45}},"3":{"start":{"line":4,"column":0},"end":{"line":4,"column":53}},"4":{"start":{"line":5,"column":0},"end":{"line":5,"column":40}},"5":{"start":{"line":6,"column":0},"end":{"line":6,"column":56}},"6":{"start":{"line":20,"column":7},"end":{"line":20,"column":null}},"7":{"start":{"line":20,"column":13},"end":{"line":20,"column":23}},"8":{"start":{"line":20,"column":13},"end":{"line":20,"column":null}}},"fnMap":{},"branchMap":{"0":{"loc":{"start":{"line":13,"column":14},"end":{"line":13,"column":55}},"type":"binary-expr","locations":[{"start":{"line":13,"column":14},"end":{"line":13,"column":33}},{"start":{"line":13,"column":37},"end":{"line":13,"column":55}}]}},"s":{"0":0,"1":0,"2":0,"3":0,"4":0,"5":0,"6":0,"7":0,"8":0},"f":{},"b":{"0":[0,0]}}
,"/Users/ignaciorojas/Documents/repos/apply_digital_api/products_api/src/auth/auth.service.ts": {"path":"/Users/ignaciorojas/Documents/repos/apply_digital_api/products_api/src/auth/auth.service.ts","statementMap":{"0":{"start":{"line":1,"column":0},"end":{"line":1,"column":null}},"1":{"start":{"line":5,"column":0},"end":{"line":5,"column":55}},"2":{"start":{"line":7,"column":0},"end":{"line":7,"column":41}},"3":{"start":{"line":8,"column":0},"end":{"line":8,"column":37}},"4":{"start":{"line":12,"column":7},"end":{"line":36,"column":null}},"5":{"start":{"line":14,"column":21},"end":{"line":14,"column":35}},"6":{"start":{"line":15,"column":21},"end":{"line":15,"column":33}},"7":{"start":{"line":19,"column":17},"end":{"line":19,"column":71}},"8":{"start":{"line":20,"column":4},"end":{"line":22,"column":5}},"9":{"start":{"line":21,"column":6},"end":{"line":21,"column":56}},"10":{"start":{"line":23,"column":28},"end":{"line":23,"column":75}},"11":{"start":{"line":24,"column":4},"end":{"line":26,"column":5}},"12":{"start":{"line":25,"column":6},"end":{"line":25,"column":59}},"13":{"start":{"line":28,"column":20},"end":{"line":28,"column":41}},"14":{"start":{"line":29,"column":18},"end":{"line":29,"column":58}},"15":{"start":{"line":31,"column":4},"end":{"line":34,"column":6}},"16":{"start":{"line":12,"column":13},"end":{"line":12,"column":24}},"17":{"start":{"line":12,"column":13},"end":{"line":36,"column":null}}},"fnMap":{"0":{"name":"(anonymous_2)","decl":{"start":{"line":13,"column":2},"end":{"line":13,"column":null}},"loc":{"start":{"line":15,"column":43},"end":{"line":16,"column":6}}},"1":{"name":"(anonymous_3)","decl":{"start":{"line":18,"column":2},"end":{"line":18,"column":7}},"loc":{"start":{"line":18,"column":43},"end":{"line":35,"column":3}}}},"branchMap":{"0":{"loc":{"start":{"line":20,"column":4},"end":{"line":22,"column":5}},"type":"if","locations":[{"start":{"line":20,"column":4},"end":{"line":22,"column":5}}]},"1":{"loc":{"start":{"line":24,"column":4},"end":{"line":26,"column":5}},"type":"if","locations":[{"start":{"line":24,"column":4},"end":{"line":26,"column":5}}]}},"s":{"0":0,"1":0,"2":0,"3":0,"4":0,"5":0,"6":0,"7":0,"8":0,"9":0,"10":0,"11":0,"12":0,"13":0,"14":0,"15":0,"16":0,"17":0},"f":{"0":0,"1":0},"b":{"0":[0],"1":[0]}}
,"/Users/ignaciorojas/Documents/repos/apply_digital_api/products_api/src/auth/constants/jwt.constant.ts": {"path":"/Users/ignaciorojas/Documents/repos/apply_digital_api/products_api/src/auth/constants/jwt.constant.ts","statementMap":{"0":{"start":{"line":1,"column":13},"end":{"line":3,"column":2}}},"fnMap":{},"branchMap":{},"s":{"0":0},"f":{},"b":{}}
,"/Users/ignaciorojas/Documents/repos/apply_digital_api/products_api/src/auth/dto/login.dto.ts": {"path":"/Users/ignaciorojas/Documents/repos/apply_digital_api/products_api/src/auth/dto/login.dto.ts","statementMap":{"0":{"start":{"line":1,"column":0},"end":{"line":1,"column":46}},"1":{"start":{"line":2,"column":0},"end":{"line":2,"column":63}},"2":{"start":{"line":3,"column":0},"end":{"line":3,"column":46}},"3":{"start":{"line":5,"column":0},"end":{"line":5,"column":13}},"4":{"start":{"line":12,"column":2},"end":{"line":12,"column":null}},"5":{"start":{"line":21,"column":2},"end":{"line":21,"column":null}},"6":{"start":{"line":20,"column":28},"end":{"line":20,"column":40}}},"fnMap":{"0":{"name":"(anonymous_2)","decl":{"start":{"line":20,"column":13},"end":{"line":20,"column":14}},"loc":{"start":{"line":20,"column":28},"end":{"line":20,"column":40}}}},"branchMap":{},"s":{"0":0,"1":0,"2":0,"3":0,"4":0,"5":0,"6":0},"f":{"0":0},"b":{}}
,"/Users/ignaciorojas/Documents/repos/apply_digital_api/products_api/src/auth/guard/auth.guard.ts": {"path":"/Users/ignaciorojas/Documents/repos/apply_digital_api/products_api/src/auth/guard/auth.guard.ts","statementMap":{"0":{"start":{"line":1,"column":0},"end":{"line":1,"column":null}},"1":{"start":{"line":7,"column":0},"end":{"line":7,"column":41}},"2":{"start":{"line":9,"column":0},"end":{"line":9,"column":57}},"3":{"start":{"line":12,"column":7},"end":{"line":39,"column":null}},"4":{"start":{"line":13,"column":31},"end":{"line":13,"column":43}},"5":{"start":{"line":16,"column":20},"end":{"line":16,"column":55}},"6":{"start":{"line":18,"column":18},"end":{"line":18,"column":54}},"7":{"start":{"line":19,"column":4},"end":{"line":21,"column":5}},"8":{"start":{"line":20,"column":6},"end":{"line":20,"column":40}},"9":{"start":{"line":23,"column":4},"end":{"line":30,"column":5}},"10":{"start":{"line":24,"column":22},"end":{"line":26,"column":8}},"11":{"start":{"line":27,"column":6},"end":{"line":27,"column":29}},"12":{"start":{"line":29,"column":6},"end":{"line":29,"column":40}},"13":{"start":{"line":32,"column":4},"end":{"line":32,"column":16}},"14":{"start":{"line":36,"column":26},"end":{"line":36,"column":73}},"15":{"start":{"line":37,"column":4},"end":{"line":37,"column":49}},"16":{"start":{"line":12,"column":13},"end":{"line":12,"column":22}},"17":{"start":{"line":12,"column":13},"end":{"line":39,"column":null}}},"fnMap":{"0":{"name":"(anonymous_2)","decl":{"start":{"line":13,"column":2},"end":{"line":13,"column":31}},"loc":{"start":{"line":13,"column":53},"end":{"line":13,"column":57}}},"1":{"name":"(anonymous_3)","decl":{"start":{"line":15,"column":2},"end":{"line":15,"column":7}},"loc":{"start":{"line":15,"column":45},"end":{"line":33,"column":3}}},"2":{"name":"(anonymous_4)","decl":{"start":{"line":35,"column":10},"end":{"line":35,"column":32}},"loc":{"start":{"line":35,"column":49},"end":{"line":38,"column":3}}}},"branchMap":{"0":{"loc":{"start":{"line":19,"column":4},"end":{"line":21,"column":5}},"type":"if","locations":[{"start":{"line":19,"column":4},"end":{"line":21,"column":5}}]},"1":{"loc":{"start":{"line":36,"column":26},"end":{"line":36,"column":73}},"type":"cond-expr","locations":[{"start":{"line":36,"column":67},"end":{"line":36,"column":71}},{"start":{"line":36,"column":71},"end":{"line":36,"column":73}}]},"2":{"loc":{"start":{"line":36,"column":26},"end":{"line":36,"column":71}},"type":"binary-expr","locations":[{"start":{"line":36,"column":26},"end":{"line":36,"column":71}},{"start":{"line":36,"column":67},"end":{"line":36,"column":71}}]},"3":{"loc":{"start":{"line":36,"column":26},"end":{"line":36,"column":67}},"type":"cond-expr","locations":[{"start":{"line":36,"column":55},"end":{"line":36,"column":57}},{"start":{"line":36,"column":55},"end":{"line":36,"column":67}}]},"4":{"loc":{"start":{"line":36,"column":26},"end":{"line":36,"column":57}},"type":"binary-expr","locations":[{"start":{"line":36,"column":26},"end":{"line":36,"column":57}},{"start":{"line":36,"column":55},"end":{"line":36,"column":57}}]},"5":{"loc":{"start":{"line":37,"column":11},"end":{"line":37,"column":48}},"type":"cond-expr","locations":[{"start":{"line":37,"column":31},"end":{"line":37,"column":36}},{"start":{"line":37,"column":39},"end":{"line":37,"column":48}}]}},"s":{"0":0,"1":0,"2":0,"3":0,"4":0,"5":0,"6":0,"7":0,"8":0,"9":0,"10":0,"11":0,"12":0,"13":0,"14":0,"15":0,"16":0,"17":0},"f":{"0":0,"1":0,"2":0},"b":{"0":[0],"1":[0,0],"2":[0,0],"3":[0,0],"4":[0,0],"5":[0,0]}}
,"/Users/ignaciorojas/Documents/repos/apply_digital_api/products_api/src/products/products.controller.ts": {"path":"/Users/ignaciorojas/Documents/repos/apply_digital_api/products_api/src/products/products.controller.ts","statementMap":{"0":{"start":{"line":1,"column":0},"end":{"line":1,"column":null}},"1":{"start":{"line":9,"column":0},"end":{"line":9,"column":53}},"2":{"start":{"line":11,"column":0},"end":{"line":11,"column":69}},"3":{"start":{"line":15,"column":7},"end":{"line":47,"column":null}},"4":{"start":{"line":16,"column":31},"end":{"line":16,"column":48}},"5":{"start":{"line":30,"column":4},"end":{"line":37,"column":7}},"6":{"start":{"line":45,"column":4},"end":{"line":45,"column":60}},"7":{"start":{"line":15,"column":13},"end":{"line":15,"column":31}},"8":{"start":{"line":22,"column":8},"end":{"line":38,"column":null}},"9":{"start":{"line":44,"column":8},"end":{"line":46,"column":null}},"10":{"start":{"line":15,"column":13},"end":{"line":47,"column":null}}},"fnMap":{"0":{"name":"(anonymous_4)","decl":{"start":{"line":16,"column":2},"end":{"line":16,"column":31}},"loc":{"start":{"line":16,"column":63},"end":{"line":16,"column":67}}},"1":{"name":"(anonymous_5)","decl":{"start":{"line":22,"column":2},"end":{"line":22,"column":7}},"loc":{"start":{"line":28,"column":40},"end":{"line":38,"column":3}}},"2":{"name":"(anonymous_6)","decl":{"start":{"line":44,"column":2},"end":{"line":44,"column":7}},"loc":{"start":{"line":44,"column":49},"end":{"line":46,"column":3}}}},"branchMap":{"0":{"loc":{"start":{"line":23,"column":19},"end":{"line":23,"column":27}},"type":"default-arg","locations":[{"start":{"line":23,"column":26},"end":{"line":23,"column":27}}]},"1":{"loc":{"start":{"line":24,"column":20},"end":{"line":24,"column":29}},"type":"default-arg","locations":[{"start":{"line":24,"column":28},"end":{"line":24,"column":29}}]}},"s":{"0":0,"1":0,"2":0,"3":0,"4":0,"5":0,"6":0,"7":0,"8":0,"9":0,"10":0},"f":{"0":0,"1":0,"2":0},"b":{"0":[0],"1":[0]}}
,"/Users/ignaciorojas/Documents/repos/apply_digital_api/products_api/src/products/products.module.ts": {"path":"/Users/ignaciorojas/Documents/repos/apply_digital_api/products_api/src/products/products.module.ts","statementMap":{"0":{"start":{"line":1,"column":0},"end":{"line":1,"column":40}},"1":{"start":{"line":2,"column":0},"end":{"line":2,"column":50}},"2":{"start":{"line":3,"column":0},"end":{"line":3,"column":66}},"3":{"start":{"line":4,"column":0},"end":{"line":4,"column":59}},"4":{"start":{"line":5,"column":0},"end":{"line":5,"column":53}},"5":{"start":{"line":15,"column":7},"end":{"line":15,"column":null}},"6":{"start":{"line":15,"column":13},"end":{"line":15,"column":27}},"7":{"start":{"line":15,"column":13},"end":{"line":15,"column":null}}},"fnMap":{},"branchMap":{},"s":{"0":0,"1":0,"2":0,"3":0,"4":0,"5":0,"6":0,"7":0},"f":{},"b":{}}
,"/Users/ignaciorojas/Documents/repos/apply_digital_api/products_api/src/products/products.service.ts": {"path":"/Users/ignaciorojas/Documents/repos/apply_digital_api/products_api/src/products/products.service.ts","statementMap":{"0":{"start":{"line":1,"column":0},"end":{"line":1,"column":52}},"1":{"start":{"line":2,"column":0},"end":{"line":2,"column":40}},"2":{"start":{"line":3,"column":0},"end":{"line":3,"column":26}},"3":{"start":{"line":4,"column":0},"end":{"line":4,"column":47}},"4":{"start":{"line":5,"column":0},"end":{"line":5,"column":33}},"5":{"start":{"line":6,"column":0},"end":{"line":6,"column":51}},"6":{"start":{"line":9,"column":28},"end":{"line":73,"column":null}},"7":{"start":{"line":13,"column":39},"end":{"line":13,"column":53}},"8":{"start":{"line":10,"column":19},"end":{"line":10,"column":61}},"9":{"start":{"line":18,"column":4},"end":{"line":47,"column":5}},"10":{"start":{"line":19,"column":6},"end":{"line":19,"column":66}},"11":{"start":{"line":20,"column":23},"end":{"line":26,"column":null}},"12":{"start":{"line":29,"column":23},"end":{"line":34,"column":9}},"13":{"start":{"line":29,"column":49},"end":{"line":34,"column":8}},"14":{"start":{"line":36,"column":6},"end":{"line":42,"column":7}},"15":{"start":{"line":37,"column":8},"end":{"line":41,"column":10}},"16":{"start":{"line":44,"column":6},"end":{"line":44,"column":73}},"17":{"start":{"line":46,"column":6},"end":{"line":46,"column":58}},"18":{"start":{"line":51,"column":64},"end":{"line":51,"column":71}},"19":{"start":{"line":53,"column":23},"end":{"line":53,"column":25}},"20":{"start":{"line":54,"column":4},"end":{"line":54,"column":49}},"21":{"start":{"line":54,"column":14},"end":{"line":54,"column":49}},"22":{"start":{"line":55,"column":4},"end":{"line":55,"column":44}},"23":{"start":{"line":55,"column":18},"end":{"line":55,"column":44}},"24":{"start":{"line":56,"column":4},"end":{"line":56,"column":51}},"25":{"start":{"line":56,"column":18},"end":{"line":56,"column":51}},"26":{"start":{"line":57,"column":4},"end":{"line":57,"column":67}},"27":{"start":{"line":57,"column":18},"end":{"line":57,"column":67}},"28":{"start":{"line":59,"column":18},"end":{"line":59,"column":63}},"29":{"start":{"line":60,"column":17},"end":{"line":63,"column":19}},"30":{"start":{"line":64,"column":4},"end":{"line":64,"column":27}},"31":{"start":{"line":68,"column":4},"end":{"line":71,"column":6}},"32":{"start":{"line":9,"column":13},"end":{"line":9,"column":28}},"33":{"start":{"line":17,"column":8},"end":{"line":48,"column":null}},"34":{"start":{"line":9,"column":13},"end":{"line":73,"column":null}}},"fnMap":{"0":{"name":"(anonymous_4)","decl":{"start":{"line":12,"column":2},"end":{"line":12,"column":null}},"loc":{"start":{"line":13,"column":67},"end":{"line":14,"column":6}}},"1":{"name":"(anonymous_5)","decl":{"start":{"line":17,"column":2},"end":{"line":17,"column":7}},"loc":{"start":{"line":17,"column":35},"end":{"line":48,"column":3}}},"2":{"name":"(anonymous_6)","decl":{"start":{"line":29,"column":38},"end":{"line":29,"column":39}},"loc":{"start":{"line":29,"column":49},"end":{"line":34,"column":8}}},"3":{"name":"(anonymous_7)","decl":{"start":{"line":50,"column":2},"end":{"line":50,"column":7}},"loc":{"start":{"line":50,"column":32},"end":{"line":65,"column":3}}},"4":{"name":"(anonymous_8)","decl":{"start":{"line":67,"column":2},"end":{"line":67,"column":7}},"loc":{"start":{"line":67,"column":43},"end":{"line":72,"column":3}}}},"branchMap":{"0":{"loc":{"start":{"line":54,"column":4},"end":{"line":54,"column":49}},"type":"if","locations":[{"start":{"line":54,"column":4},"end":{"line":54,"column":49}}]},"1":{"loc":{"start":{"line":55,"column":4},"end":{"line":55,"column":44}},"type":"if","locations":[{"start":{"line":55,"column":4},"end":{"line":55,"column":44}}]},"2":{"loc":{"start":{"line":56,"column":4},"end":{"line":56,"column":51}},"type":"if","locations":[{"start":{"line":56,"column":4},"end":{"line":56,"column":51}}]},"3":{"loc":{"start":{"line":57,"column":4},"end":{"line":57,"column":67}},"type":"if","locations":[{"start":{"line":57,"column":4},"end":{"line":57,"column":67}}]}},"s":{"0":1,"1":1,"2":1,"3":1,"4":1,"5":1,"6":1,"7":4,"8":4,"9":2,"10":2,"11":2,"12":1,"13":2,"14":1,"15":2,"16":1,"17":1,"18":1,"19":1,"20":1,"21":1,"22":1,"23":1,"24":1,"25":1,"26":1,"27":1,"28":1,"29":1,"30":1,"31":1,"32":1,"33":1,"34":1},"f":{"0":4,"1":2,"2":2,"3":1,"4":1},"b":{"0":[1],"1":[1],"2":[1],"3":[1]}}
,"/Users/ignaciorojas/Documents/repos/apply_digital_api/products_api/src/products/entities/product.entity.ts": {"path":"/Users/ignaciorojas/Documents/repos/apply_digital_api/products_api/src/products/entities/product.entity.ts","statementMap":{"0":{"start":{"line":1,"column":0},"end":{"line":1,"column":13}}},"fnMap":{},"branchMap":{},"s":{"0":0},"f":{},"b":{}}
,"/Users/ignaciorojas/Documents/repos/apply_digital_api/products_api/src/products/schemas/product.schema.ts": {"path":"/Users/ignaciorojas/Documents/repos/apply_digital_api/products_api/src/products/schemas/product.schema.ts","statementMap":{"0":{"start":{"line":1,"column":0},"end":{"line":1,"column":63}},"1":{"start":{"line":7,"column":7},"end":{"line":25,"column":null}},"2":{"start":{"line":7,"column":13},"end":{"line":7,"column":20}},"3":{"start":{"line":9,"column":2},"end":{"line":9,"column":null}},"4":{"start":{"line":12,"column":2},"end":{"line":12,"column":null}},"5":{"start":{"line":15,"column":2},"end":{"line":15,"column":null}},"6":{"start":{"line":18,"column":2},"end":{"line":18,"column":null}},"7":{"start":{"line":21,"column":2},"end":{"line":21,"column":null}},"8":{"start":{"line":24,"column":2},"end":{"line":24,"column":null}},"9":{"start":{"line":7,"column":13},"end":{"line":25,"column":null}},"10":{"start":{"line":27,"column":13},"end":{"line":27,"column":67}}},"fnMap":{},"branchMap":{},"s":{"0":2,"1":2,"2":2,"3":2,"4":2,"5":2,"6":2,"7":2,"8":2,"9":2,"10":2},"f":{},"b":{}}
,"/Users/ignaciorojas/Documents/repos/apply_digital_api/products_api/src/reports/reports.controller.ts": {"path":"/Users/ignaciorojas/Documents/repos/apply_digital_api/products_api/src/reports/reports.controller.ts","statementMap":{"0":{"start":{"line":1,"column":0},"end":{"line":1,"column":67}},"1":{"start":{"line":2,"column":0},"end":{"line":2,"column":51}},"2":{"start":{"line":3,"column":0},"end":{"line":3,"column":53}},"3":{"start":{"line":4,"column":0},"end":{"line":4,"column":95}},"4":{"start":{"line":9,"column":7},"end":{"line":49,"column":null}},"5":{"start":{"line":10,"column":31},"end":{"line":10,"column":47}},"6":{"start":{"line":19,"column":4},"end":{"line":19,"column":54}},"7":{"start":{"line":33,"column":4},"end":{"line":37,"column":7}},"8":{"start":{"line":47,"column":4},"end":{"line":47,"column":49}},"9":{"start":{"line":9,"column":13},"end":{"line":9,"column":30}},"10":{"start":{"line":18,"column":8},"end":{"line":20,"column":null}},"11":{"start":{"line":28,"column":8},"end":{"line":38,"column":null}},"12":{"start":{"line":46,"column":8},"end":{"line":48,"column":null}},"13":{"start":{"line":9,"column":13},"end":{"line":49,"column":null}}},"fnMap":{"0":{"name":"(anonymous_4)","decl":{"start":{"line":10,"column":2},"end":{"line":10,"column":31}},"loc":{"start":{"line":10,"column":61},"end":{"line":10,"column":65}}},"1":{"name":"(anonymous_5)","decl":{"start":{"line":18,"column":2},"end":{"line":18,"column":7}},"loc":{"start":{"line":18,"column":28},"end":{"line":20,"column":3}}},"2":{"name":"(anonymous_6)","decl":{"start":{"line":28,"column":2},"end":{"line":28,"column":7}},"loc":{"start":{"line":31,"column":37},"end":{"line":38,"column":3}}},"3":{"name":"(anonymous_7)","decl":{"start":{"line":46,"column":2},"end":{"line":46,"column":7}},"loc":{"start":{"line":46,"column":23},"end":{"line":48,"column":3}}}},"branchMap":{"0":{"loc":{"start":{"line":35,"column":17},"end":{"line":35,"column":60}},"type":"cond-expr","locations":[{"start":{"line":35,"column":29},"end":{"line":35,"column":48}},{"start":{"line":35,"column":51},"end":{"line":35,"column":60}}]},"1":{"loc":{"start":{"line":36,"column":15},"end":{"line":36,"column":54}},"type":"cond-expr","locations":[{"start":{"line":36,"column":25},"end":{"line":36,"column":42}},{"start":{"line":36,"column":45},"end":{"line":36,"column":54}}]}},"s":{"0":0,"1":0,"2":0,"3":0,"4":0,"5":0,"6":0,"7":0,"8":0,"9":0,"10":0,"11":0,"12":0,"13":0},"f":{"0":0,"1":0,"2":0,"3":0},"b":{"0":[0,0],"1":[0,0]}}
,"/Users/ignaciorojas/Documents/repos/apply_digital_api/products_api/src/reports/reports.module.ts": {"path":"/Users/ignaciorojas/Documents/repos/apply_digital_api/products_api/src/reports/reports.module.ts","statementMap":{"0":{"start":{"line":1,"column":0},"end":{"line":1,"column":40}},"1":{"start":{"line":2,"column":0},"end":{"line":2,"column":51}},"2":{"start":{"line":3,"column":0},"end":{"line":3,"column":57}},"3":{"start":{"line":4,"column":0},"end":{"line":4,"column":61}},"4":{"start":{"line":11,"column":7},"end":{"line":11,"column":null}},"5":{"start":{"line":11,"column":13},"end":{"line":11,"column":26}},"6":{"start":{"line":11,"column":13},"end":{"line":11,"column":null}}},"fnMap":{},"branchMap":{},"s":{"0":0,"1":0,"2":0,"3":0,"4":0,"5":0,"6":0},"f":{},"b":{}}
,"/Users/ignaciorojas/Documents/repos/apply_digital_api/products_api/src/reports/reports.service.ts": {"path":"/Users/ignaciorojas/Documents/repos/apply_digital_api/products_api/src/reports/reports.service.ts","statementMap":{"0":{"start":{"line":1,"column":0},"end":{"line":1,"column":44}},"1":{"start":{"line":2,"column":0},"end":{"line":2,"column":47}},"2":{"start":{"line":3,"column":0},"end":{"line":3,"column":33}},"3":{"start":{"line":4,"column":0},"end":{"line":4,"column":61}},"4":{"start":{"line":7,"column":7},"end":{"line":55,"column":null}},"5":{"start":{"line":9,"column":39},"end":{"line":9,"column":53}},"6":{"start":{"line":13,"column":18},"end":{"line":13,"column":58}},"7":{"start":{"line":14,"column":20},"end":{"line":16,"column":6}},"8":{"start":{"line":18,"column":23},"end":{"line":18,"column":62}},"9":{"start":{"line":20,"column":4},"end":{"line":20,"column":39}},"10":{"start":{"line":28,"column":23},"end":{"line":28,"column":42}},"11":{"start":{"line":30,"column":4},"end":{"line":32,"column":5}},"12":{"start":{"line":31,"column":6},"end":{"line":31,"column":77}},"13":{"start":{"line":34,"column":4},"end":{"line":38,"column":5}},"14":{"start":{"line":35,"column":6},"end":{"line":35,"column":27}},"15":{"start":{"line":36,"column":6},"end":{"line":36,"column":68}},"16":{"start":{"line":36,"column":28},"end":{"line":36,"column":68}},"17":{"start":{"line":37,"column":6},"end":{"line":37,"column":64}},"18":{"start":{"line":37,"column":26},"end":{"line":37,"column":64}},"19":{"start":{"line":40,"column":18},"end":{"line":40,"column":58}},"20":{"start":{"line":41,"column":23},"end":{"line":41,"column":68}},"21":{"start":{"line":43,"column":23},"end":{"line":43,"column":65}},"22":{"start":{"line":45,"column":4},"end":{"line":45,"column":39}},"23":{"start":{"line":49,"column":19},"end":{"line":51,"column":6}},"24":{"start":{"line":53,"column":4},"end":{"line":53,"column":18}},"25":{"start":{"line":7,"column":13},"end":{"line":7,"column":27}},"26":{"start":{"line":7,"column":13},"end":{"line":55,"column":null}}},"fnMap":{"0":{"name":"(anonymous_4)","decl":{"start":{"line":8,"column":2},"end":{"line":8,"column":null}},"loc":{"start":{"line":9,"column":67},"end":{"line":10,"column":6}}},"1":{"name":"(anonymous_5)","decl":{"start":{"line":12,"column":2},"end":{"line":12,"column":7}},"loc":{"start":{"line":12,"column":28},"end":{"line":21,"column":3}}},"2":{"name":"(anonymous_6)","decl":{"start":{"line":23,"column":2},"end":{"line":23,"column":7}},"loc":{"start":{"line":27,"column":3},"end":{"line":46,"column":3}}},"3":{"name":"(anonymous_7)","decl":{"start":{"line":48,"column":2},"end":{"line":48,"column":7}},"loc":{"start":{"line":48,"column":23},"end":{"line":54,"column":3}}}},"branchMap":{"0":{"loc":{"start":{"line":18,"column":23},"end":{"line":18,"column":62}},"type":"cond-expr","locations":[{"start":{"line":18,"column":35},"end":{"line":18,"column":58}},{"start":{"line":18,"column":61},"end":{"line":18,"column":62}}]},"1":{"loc":{"start":{"line":30,"column":4},"end":{"line":32,"column":5}},"type":"if","locations":[{"start":{"line":30,"column":4},"end":{"line":32,"column":5}}]},"2":{"loc":{"start":{"line":31,"column":20},"end":{"line":31,"column":76}},"type":"cond-expr","locations":[{"start":{"line":31,"column":38},"end":{"line":31,"column":55}},{"start":{"line":31,"column":58},"end":{"line":31,"column":76}}]},"3":{"loc":{"start":{"line":34,"column":4},"end":{"line":38,"column":5}},"type":"if","locations":[{"start":{"line":34,"column":4},"end":{"line":38,"column":5}}]},"4":{"loc":{"start":{"line":34,"column":8},"end":{"line":34,"column":42}},"type":"binary-expr","locations":[{"start":{"line":34,"column":8},"end":{"line":34,"column":24}},{"start":{"line":34,"column":28},"end":{"line":34,"column":42}}]},"5":{"loc":{"start":{"line":36,"column":6},"end":{"line":36,"column":68}},"type":"if","locations":[{"start":{"line":36,"column":6},"end":{"line":36,"column":68}}]},"6":{"loc":{"start":{"line":37,"column":6},"end":{"line":37,"column":64}},"type":"if","locations":[{"start":{"line":37,"column":6},"end":{"line":37,"column":64}}]},"7":{"loc":{"start":{"line":43,"column":23},"end":{"line":43,"column":65}},"type":"cond-expr","locations":[{"start":{"line":43,"column":35},"end":{"line":43,"column":61}},{"start":{"line":43,"column":64},"end":{"line":43,"column":65}}]}},"s":{"0":1,"1":1,"2":1,"3":1,"4":1,"5":6,"6":2,"7":2,"8":2,"9":2,"10":3,"11":3,"12":1,"13":3,"14":1,"15":1,"16":1,"17":1,"18":1,"19":3,"20":3,"21":3,"22":3,"23":1,"24":1,"25":1,"26":1},"f":{"0":6,"1":2,"2":3,"3":1},"b":{"0":[1,1],"1":[1],"2":[1,0],"3":[1],"4":[3,2],"5":[1],"6":[1],"7":[3,0]}}
,"/Users/ignaciorojas/Documents/repos/apply_digital_api/products_api/src/reports/entities/report.entity.ts": {"path":"/Users/ignaciorojas/Documents/repos/apply_digital_api/products_api/src/reports/entities/report.entity.ts","statementMap":{"0":{"start":{"line":1,"column":0},"end":{"line":1,"column":13}}},"fnMap":{},"branchMap":{},"s":{"0":0},"f":{},"b":{}}
,"/Users/ignaciorojas/Documents/repos/apply_digital_api/products_api/src/users/users.controller.ts": {"path":"/Users/ignaciorojas/Documents/repos/apply_digital_api/products_api/src/users/users.controller.ts","statementMap":{"0":{"start":{"line":1,"column":0},"end":{"line":1,"column":68}},"1":{"start":{"line":2,"column":0},"end":{"line":2,"column":47}},"2":{"start":{"line":3,"column":0},"end":{"line":3,"column":54}},"3":{"start":{"line":4,"column":0},"end":{"line":4,"column":78}},"4":{"start":{"line":8,"column":7},"end":{"line":29,"column":null}},"5":{"start":{"line":9,"column":31},"end":{"line":9,"column":45}},"6":{"start":{"line":19,"column":4},"end":{"line":19,"column":51}},"7":{"start":{"line":27,"column":4},"end":{"line":27,"column":60}},"8":{"start":{"line":8,"column":13},"end":{"line":8,"column":28}},"9":{"start":{"line":18,"column":8},"end":{"line":20,"column":null}},"10":{"start":{"line":26,"column":2},"end":{"line":28,"column":null}},"11":{"start":{"line":8,"column":13},"end":{"line":29,"column":null}}},"fnMap":{"0":{"name":"(anonymous_4)","decl":{"start":{"line":9,"column":2},"end":{"line":9,"column":31}},"loc":{"start":{"line":9,"column":57},"end":{"line":9,"column":61}}},"1":{"name":"(anonymous_5)","decl":{"start":{"line":18,"column":2},"end":{"line":18,"column":7}},"loc":{"start":{"line":18,"column":51},"end":{"line":20,"column":3}}},"2":{"name":"(anonymous_6)","decl":{"start":{"line":26,"column":2},"end":{"line":26,"column":9}},"loc":{"start":{"line":26,"column":39},"end":{"line":28,"column":3}}}},"branchMap":{},"s":{"0":0,"1":0,"2":0,"3":0,"4":0,"5":0,"6":0,"7":0,"8":0,"9":0,"10":0,"11":0},"f":{"0":0,"1":0,"2":0},"b":{}}
,"/Users/ignaciorojas/Documents/repos/apply_digital_api/products_api/src/users/users.module.ts": {"path":"/Users/ignaciorojas/Documents/repos/apply_digital_api/products_api/src/users/users.module.ts","statementMap":{"0":{"start":{"line":1,"column":0},"end":{"line":1,"column":40}},"1":{"start":{"line":2,"column":0},"end":{"line":2,"column":47}},"2":{"start":{"line":3,"column":0},"end":{"line":3,"column":53}},"3":{"start":{"line":4,"column":0},"end":{"line":4,"column":50}},"4":{"start":{"line":5,"column":0},"end":{"line":5,"column":58}},"5":{"start":{"line":15,"column":7},"end":{"line":15,"column":null}},"6":{"start":{"line":15,"column":13},"end":{"line":15,"column":24}},"7":{"start":{"line":15,"column":13},"end":{"line":15,"column":null}}},"fnMap":{},"branchMap":{},"s":{"0":0,"1":0,"2":0,"3":0,"4":0,"5":0,"6":0,"7":0},"f":{},"b":{}}
,"/Users/ignaciorojas/Documents/repos/apply_digital_api/products_api/src/users/users.service.ts": {"path":"/Users/ignaciorojas/Documents/repos/apply_digital_api/products_api/src/users/users.service.ts","statementMap":{"0":{"start":{"line":1,"column":0},"end":{"line":1,"column":44}},"1":{"start":{"line":2,"column":0},"end":{"line":2,"column":47}},"2":{"start":{"line":3,"column":0},"end":{"line":3,"column":33}},"3":{"start":{"line":5,"column":0},"end":{"line":5,"column":60}},"4":{"start":{"line":6,"column":0},"end":{"line":6,"column":37}},"5":{"start":{"line":9,"column":7},"end":{"line":28,"column":null}},"6":{"start":{"line":11,"column":45},"end":{"line":11,"column":56}},"7":{"start":{"line":15,"column":17},"end":{"line":15,"column":43}},"8":{"start":{"line":16,"column":4},"end":{"line":16,"column":79}},"9":{"start":{"line":17,"column":20},"end":{"line":17,"column":53}},"10":{"start":{"line":18,"column":4},"end":{"line":18,"column":32}},"11":{"start":{"line":22,"column":4},"end":{"line":22,"column":58}},"12":{"start":{"line":26,"column":4},"end":{"line":26,"column":78}},"13":{"start":{"line":9,"column":13},"end":{"line":9,"column":25}},"14":{"start":{"line":9,"column":13},"end":{"line":28,"column":null}}},"fnMap":{"0":{"name":"(anonymous_4)","decl":{"start":{"line":10,"column":2},"end":{"line":10,"column":null}},"loc":{"start":{"line":11,"column":75},"end":{"line":12,"column":6}}},"1":{"name":"(anonymous_5)","decl":{"start":{"line":14,"column":2},"end":{"line":14,"column":7}},"loc":{"start":{"line":14,"column":43},"end":{"line":19,"column":3}}},"2":{"name":"(anonymous_6)","decl":{"start":{"line":21,"column":2},"end":{"line":21,"column":7}},"loc":{"start":{"line":21,"column":36},"end":{"line":23,"column":3}}},"3":{"name":"(anonymous_7)","decl":{"start":{"line":25,"column":2},"end":{"line":25,"column":7}},"loc":{"start":{"line":25,"column":45},"end":{"line":27,"column":3}}}},"branchMap":{},"s":{"0":1,"1":1,"2":1,"3":1,"4":1,"5":1,"6":3,"7":1,"8":1,"9":1,"10":1,"11":1,"12":1,"13":1,"14":1},"f":{"0":3,"1":1,"2":1,"3":1},"b":{}}
,"/Users/ignaciorojas/Documents/repos/apply_digital_api/products_api/src/users/dto/create-user.dto.ts": {"path":"/Users/ignaciorojas/Documents/repos/apply_digital_api/products_api/src/users/dto/create-user.dto.ts","statementMap":{"0":{"start":{"line":1,"column":0},"end":{"line":1,"column":65}},"1":{"start":{"line":2,"column":0},"end":{"line":2,"column":46}},"2":{"start":{"line":4,"column":0},"end":{"line":4,"column":13}},"3":{"start":{"line":11,"column":2},"end":{"line":11,"column":null}},"4":{"start":{"line":19,"column":2},"end":{"line":19,"column":null}},"5":{"start":{"line":27,"column":2},"end":{"line":27,"column":null}}},"fnMap":{},"branchMap":{},"s":{"0":0,"1":0,"2":0,"3":0,"4":0,"5":0},"f":{},"b":{}}
,"/Users/ignaciorojas/Documents/repos/apply_digital_api/products_api/src/users/entities/user.entity.ts": {"path":"/Users/ignaciorojas/Documents/repos/apply_digital_api/products_api/src/users/entities/user.entity.ts","statementMap":{"0":{"start":{"line":1,"column":0},"end":{"line":1,"column":13}}},"fnMap":{},"branchMap":{},"s":{"0":0},"f":{},"b":{}}
,"/Users/ignaciorojas/Documents/repos/apply_digital_api/products_api/src/users/schemas/users.schema.ts": {"path":"/Users/ignaciorojas/Documents/repos/apply_digital_api/products_api/src/users/schemas/users.schema.ts","statementMap":{"0":{"start":{"line":1,"column":0},"end":{"line":1,"column":63}},"1":{"start":{"line":7,"column":7},"end":{"line":16,"column":null}},"2":{"start":{"line":7,"column":13},"end":{"line":7,"column":17}},"3":{"start":{"line":9,"column":2},"end":{"line":9,"column":null}},"4":{"start":{"line":12,"column":2},"end":{"line":12,"column":null}},"5":{"start":{"line":15,"column":2},"end":{"line":15,"column":null}},"6":{"start":{"line":7,"column":13},"end":{"line":16,"column":null}},"7":{"start":{"line":18,"column":13},"end":{"line":18,"column":61}}},"fnMap":{},"branchMap":{},"s":{"0":1,"1":1,"2":1,"3":1,"4":1,"5":1,"6":1,"7":1},"f":{},"b":{}}
}
